<?xml version="1.0" encoding="UTF-8"?>
<robot generator="Robot 6.0.2 (Python 3.10.9 on win32)" generated="20230905 15:03:48.592" rpa="false" schemaversion="3">
<suite id="s1" name="Testcase2" source="C:\Users\Thippeswamy U-3061\PycharmProjects\Robot_Framework\framework\TestCycles\Module2\Testscenerio\testcase2.robot">
<test id="s1-t1" name="Verify the registration page filling with valid data into relevant fields" line="6">
<kw name="Launch the Para Registration Form Website" library="para_registrationPO">
<kw name="Lanuch Browser" library="common_keywords">
<arg>${para_registration_portal}</arg>
<kw name="Open Browser" library="SeleniumLibrary">
<arg>${url}</arg>
<arg>firefox</arg>
<doc>Opens a new browser instance to the optional ``url``.</doc>
<msg timestamp="20230905 15:03:48.866" level="INFO">Opening browser 'firefox' to base url 'https://parabank.parasoft.com/parabank/register.htm'.</msg>
<msg timestamp="20230905 15:03:48.866" level="INFO">Firefox driver log is always forced to to: C:\Users\Thippeswamy U-3061\PycharmProjects\Robot_Framework\framework\TestCycles\Module2\Testscenerio\geckodriver-5.log</msg>
<status status="PASS" starttime="20230905 15:03:48.866" endtime="20230905 15:03:57.993"/>
</kw>
<status status="PASS" starttime="20230905 15:03:48.866" endtime="20230905 15:03:57.998"/>
</kw>
<status status="PASS" starttime="20230905 15:03:48.866" endtime="20230905 15:03:57.998"/>
</kw>
<kw name="Fill with Valid Data Into Appropriate Fields" library="para_registrationPO">
<kw name="Input Text" library="SeleniumLibrary">
<arg>${firstname_xpath}</arg>
<arg>${firstname}</arg>
<doc>Types the given ``text`` into the text field identified by ``locator``.</doc>
<msg timestamp="20230905 15:03:57.999" level="INFO">Typing text 'thippeswamy2' into text field 'xpath://form[@id='customerForm']/table//descendant::input[@name='customer.firstName']'.</msg>
<status status="PASS" starttime="20230905 15:03:57.999" endtime="20230905 15:03:58.058"/>
</kw>
<kw name="Input Text" library="SeleniumLibrary">
<arg>${lastname_xpath}</arg>
<arg>${lastname}</arg>
<doc>Types the given ``text`` into the text field identified by ``locator``.</doc>
<msg timestamp="20230905 15:03:58.058" level="INFO">Typing text 'uppara' into text field 'xpath://form[@id='customerForm']/table//descendant::input[@name='customer.lastName']'.</msg>
<status status="PASS" starttime="20230905 15:03:58.058" endtime="20230905 15:03:58.089"/>
</kw>
<kw name="Input Text" library="SeleniumLibrary">
<arg>${address_xpath}</arg>
<arg>${address}</arg>
<doc>Types the given ``text`` into the text field identified by ``locator``.</doc>
<msg timestamp="20230905 15:03:58.097" level="INFO">Typing text '1-192' into text field 'xpath://form[@id='customerForm']/table//descendant::input[@name='customer.address.street']'.</msg>
<status status="PASS" starttime="20230905 15:03:58.089" endtime="20230905 15:03:58.127"/>
</kw>
<kw name="Input Text" library="SeleniumLibrary">
<arg>${city_xpath}</arg>
<arg>${city}</arg>
<doc>Types the given ``text`` into the text field identified by ``locator``.</doc>
<msg timestamp="20230905 15:03:58.127" level="INFO">Typing text 'Bengaluru' into text field 'xpath://form[@id='customerForm']/table//descendant::input[@name='customer.address.city']'.</msg>
<status status="PASS" starttime="20230905 15:03:58.127" endtime="20230905 15:03:58.158"/>
</kw>
<kw name="Input Text" library="SeleniumLibrary">
<arg>${state_xpath}</arg>
<arg>${state}</arg>
<doc>Types the given ``text`` into the text field identified by ``locator``.</doc>
<msg timestamp="20230905 15:03:58.158" level="INFO">Typing text 'Karnataka' into text field 'xpath://form[@id='customerForm']/table//descendant::input[@name='customer.address.state']'.</msg>
<status status="PASS" starttime="20230905 15:03:58.158" endtime="20230905 15:03:58.181"/>
</kw>
<kw name="Input Text" library="SeleniumLibrary">
<arg>${postalcode_xpath}</arg>
<arg>${postalcode}</arg>
<doc>Types the given ``text`` into the text field identified by ``locator``.</doc>
<msg timestamp="20230905 15:03:58.181" level="INFO">Typing text '515870' into text field 'xpath://form[@id='customerForm']/table//descendant::input[@name='customer.address.zipCode']'.</msg>
<status status="PASS" starttime="20230905 15:03:58.181" endtime="20230905 15:03:58.219"/>
</kw>
<kw name="Input Text" library="SeleniumLibrary">
<arg>${phone_xpath}</arg>
<arg>${phone}</arg>
<doc>Types the given ``text`` into the text field identified by ``locator``.</doc>
<msg timestamp="20230905 15:03:58.219" level="INFO">Typing text '9550084492' into text field 'xpath://form[@id='customerForm']/table//descendant::input[@name='customer.phoneNumber']'.</msg>
<status status="PASS" starttime="20230905 15:03:58.219" endtime="20230905 15:03:58.250"/>
</kw>
<kw name="Input Text" library="SeleniumLibrary">
<arg>${ssn_xpath}</arg>
<arg>${ssn}</arg>
<doc>Types the given ``text`` into the text field identified by ``locator``.</doc>
<msg timestamp="20230905 15:03:58.251" level="INFO">Typing text '12345' into text field 'xpath://form[@id='customerForm']//descendant::input[@name='customer.ssn']'.</msg>
<status status="PASS" starttime="20230905 15:03:58.250" endtime="20230905 15:03:58.283"/>
</kw>
<kw name="Input Text" library="SeleniumLibrary">
<arg>${username_xpath}</arg>
<arg>${username}</arg>
<doc>Types the given ``text`` into the text field identified by ``locator``.</doc>
<msg timestamp="20230905 15:03:58.284" level="INFO">Typing text 'thippeswamy' into text field 'xpath://form[@id='customerForm']/table//descendant::input[@name='customer.username']'.</msg>
<status status="PASS" starttime="20230905 15:03:58.284" endtime="20230905 15:03:58.317"/>
</kw>
<kw name="Input Text" library="SeleniumLibrary">
<arg>${password_xpath}</arg>
<arg>${password}</arg>
<doc>Types the given ``text`` into the text field identified by ``locator``.</doc>
<msg timestamp="20230905 15:03:58.317" level="INFO">Typing text '12345678' into text field 'xpath://form[@id='customerForm']/table//descendant::input[@name='customer.password']'.</msg>
<status status="PASS" starttime="20230905 15:03:58.317" endtime="20230905 15:03:58.342"/>
</kw>
<kw name="Input Text" library="SeleniumLibrary">
<arg>${confirm_password_xpath}</arg>
<arg>${confirm_password}</arg>
<doc>Types the given ``text`` into the text field identified by ``locator``.</doc>
<msg timestamp="20230905 15:03:58.350" level="INFO">Typing text '12345678' into text field 'xpath://form[@id='customerForm']/table//descendant::input[@name='repeatedPassword']'.</msg>
<status status="PASS" starttime="20230905 15:03:58.342" endtime="20230905 15:03:58.379"/>
</kw>
<status status="PASS" starttime="20230905 15:03:57.999" endtime="20230905 15:03:58.379"/>
</kw>
<kw name="Click on Register Button" library="para_registrationPO">
<kw name="Click On Button" library="common_keywords">
<arg>${register_button_xpath}</arg>
<kw name="Click Button" library="SeleniumLibrary">
<arg>${Button_xpath}</arg>
<doc>Clicks the button identified by ``locator``.</doc>
<msg timestamp="20230905 15:03:58.379" level="INFO">Clicking button 'xpath://form[@id='customerForm']/table//descendant::input[@class='button']'.</msg>
<status status="PASS" starttime="20230905 15:03:58.379" endtime="20230905 15:03:59.012"/>
</kw>
<status status="PASS" starttime="20230905 15:03:58.379" endtime="20230905 15:03:59.012"/>
</kw>
<status status="PASS" starttime="20230905 15:03:58.379" endtime="20230905 15:03:59.014"/>
</kw>
<kw name="Close Browser windows" library="para_registrationPO">
<kw name="Close All Browsers" library="SeleniumLibrary">
<doc>Closes all open browsers and resets the browser cache.</doc>
<status status="PASS" starttime="20230905 15:03:59.014" endtime="20230905 15:03:59.931"/>
</kw>
<status status="PASS" starttime="20230905 15:03:59.014" endtime="20230905 15:03:59.931"/>
</kw>
<status status="PASS" starttime="20230905 15:03:48.866" endtime="20230905 15:03:59.931"/>
</test>
<status status="PASS" starttime="20230905 15:03:48.592" endtime="20230905 15:03:59.931"/>
</suite>
<statistics>
<total>
<stat pass="1" fail="0" skip="0">All Tests</stat>
</total>
<tag>
</tag>
<suite>
<stat pass="1" fail="0" skip="0" id="s1" name="Testcase2">Testcase2</stat>
</suite>
</statistics>
<errors>
</errors>
</robot>
